[2026-01-31 12:05:11] [DOWODCA] START
[2026-01-31 12:05:11] [OPERATOR] START
[2026-01-31 12:05:11] [OPERATOR] +++ NOWY DRON PID=399498
[2026-01-31 12:05:11] [OPERATOR] +++ NOWY DRON PID=399499
[2026-01-31 12:05:11] [OPERATOR] +++ NOWY DRON PID=399500
[2026-01-31 12:05:11] [OPERATOR] +++ NOWY DRON PID=399501
[2026-01-31 12:05:11] [OPERATOR] +++ NOWY DRON PID=399502
[2026-01-31 12:05:11] [DRON 399498] START | T1=8s T2=20s T_return=4s drain=5%/s
[2026-01-31 12:05:11] [DRON 399501] START | T1=25s T2=62s T_return=12s drain=1%/s
[2026-01-31 12:05:11] [DRON 399499] START | T1=33s T2=82s T_return=16s drain=1%/s
[2026-01-31 12:05:11] [DRON 399500] START | T1=28s T2=70s T_return=14s drain=1%/s
[2026-01-31 12:05:11] [DRON 399502] START | T1=39s T2=97s T_return=19s drain=1%/s
[2026-01-31 12:05:12] [DRON 399498] LOT | bateria=95%
[2026-01-31 12:05:12] [DRON 399501] LOT | bateria=99%
[2026-01-31 12:05:12] [DRON 399499] LOT | bateria=99%
[2026-01-31 12:05:12] [DRON 399500] LOT | bateria=99%
[2026-01-31 12:05:12] [DRON 399502] LOT | bateria=99%
[2026-01-31 12:05:13] [DRON 399498] LOT | bateria=90%
[2026-01-31 12:05:13] [DRON 399501] LOT | bateria=98%
[2026-01-31 12:05:13] [DRON 399499] LOT | bateria=98%
[2026-01-31 12:05:13] [DRON 399500] LOT | bateria=98%
[2026-01-31 12:05:13] [DRON 399502] LOT | bateria=98%
[2026-01-31 12:05:14] [DRON 399498] LOT | bateria=85%
[2026-01-31 12:05:14] [DRON 399501] LOT | bateria=97%
[2026-01-31 12:05:14] [DRON 399499] LOT | bateria=97%
[2026-01-31 12:05:14] [DRON 399500] LOT | bateria=97%
[2026-01-31 12:05:14] [DRON 399502] LOT | bateria=97%
[2026-01-31 12:05:15] [DRON 399499] LOT | bateria=96%
[2026-01-31 12:05:15] [DRON 399498] LOT | bateria=80%
[2026-01-31 12:05:15] [DRON 399501] LOT | bateria=96%
[2026-01-31 12:05:15] [DRON 399500] LOT | bateria=96%
[2026-01-31 12:05:15] [DRON 399502] LOT | bateria=96%
[2026-01-31 12:05:16] [DRON 399499] LOT | bateria=95%
[2026-01-31 12:05:16] [DRON 399498] LOT | bateria=75%
[2026-01-31 12:05:16] [DRON 399501] LOT | bateria=95%
[2026-01-31 12:05:16] [DRON 399500] LOT | bateria=95%
[2026-01-31 12:05:16] [DRON 399502] LOT | bateria=95%
[2026-01-31 12:05:17] [OPERATOR] STATUS: aktywne=5 baza=0 max=5
[2026-01-31 12:05:17] [DRON 399499] LOT | bateria=94%
[2026-01-31 12:05:17] [DRON 399498] LOT | bateria=70%
[2026-01-31 12:05:17] [DRON 399501] LOT | bateria=94%
[2026-01-31 12:05:17] [DRON 399500] LOT | bateria=94%
[2026-01-31 12:05:17] [DRON 399502] LOT | bateria=94%
[2026-01-31 12:05:18] [DRON 399499] LOT | bateria=93%
[2026-01-31 12:05:18] [DRON 399498] LOT | bateria=65%
[2026-01-31 12:05:18] [DRON 399501] LOT | bateria=93%
[2026-01-31 12:05:18] [DRON 399500] LOT | bateria=93%
[2026-01-31 12:05:18] [DRON 399502] LOT | bateria=93%
[2026-01-31 12:05:19] [DRON 399499] LOT | bateria=92%
[2026-01-31 12:05:19] [DRON 399498] LOT | bateria=60%
[2026-01-31 12:05:19] [DRON 399501] LOT | bateria=92%
[2026-01-31 12:05:19] [DRON 399500] LOT | bateria=92%
[2026-01-31 12:05:19] [DRON 399502] LOT | bateria=92%
[2026-01-31 12:05:20] [OPERATOR] STATUS: aktywne=5 baza=0 max=5
[2026-01-31 12:05:20] [DRON 399499] LOT | bateria=91%
[2026-01-31 12:05:20] [DRON 399498] LOT | bateria=55%
[2026-01-31 12:05:20] [DRON 399501] LOT | bateria=91%
[2026-01-31 12:05:20] [DRON 399500] LOT | bateria=91%
[2026-01-31 12:05:20] [DRON 399502] LOT | bateria=91%
[2026-01-31 12:05:21] [DRON 399499] LOT | bateria=90%
[2026-01-31 12:05:21] [DRON 399501] LOT | bateria=90%
[2026-01-31 12:05:21] [DRON 399498] LOT | bateria=50%
[2026-01-31 12:05:21] [DRON 399500] LOT | bateria=90%
[2026-01-31 12:05:21] [DRON 399502] LOT | bateria=90%
[2026-01-31 12:05:22] [DRON 399499] LOT | bateria=89%
[2026-01-31 12:05:22] [DRON 399501] LOT | bateria=89%
[2026-01-31 12:05:22] [DRON 399498] LOT | bateria=45%
[2026-01-31 12:05:22] [DRON 399500] LOT | bateria=89%
[2026-01-31 12:05:22] [DRON 399502] LOT | bateria=89%
[2026-01-31 12:05:23] [OPERATOR] STATUS: aktywne=5 baza=0 max=5
[2026-01-31 12:05:23] [DRON 399499] LOT | bateria=88%
[2026-01-31 12:05:23] [DRON 399501] LOT | bateria=88%
[2026-01-31 12:05:23] [DRON 399498] LOT | bateria=40%
[2026-01-31 12:05:23] [DRON 399502] LOT | bateria=88%
[2026-01-31 12:05:23] [DRON 399500] LOT | bateria=88%
[2026-01-31 12:05:24] [DRON 399499] LOT | bateria=87%
[2026-01-31 12:05:24] [DRON 399501] LOT | bateria=87%
[2026-01-31 12:05:24] [DRON 399498] LOT | bateria=35%
[2026-01-31 12:05:24] [DRON 399502] LOT | bateria=87%
[2026-01-31 12:05:24] [DRON 399500] LOT | bateria=87%
[2026-01-31 12:05:25] [DRON 399499] LOT | bateria=86%
[2026-01-31 12:05:25] [DRON 399501] LOT | bateria=86%
[2026-01-31 12:05:25] [DRON 399498] LOT | bateria=30%
[2026-01-31 12:05:25] [DRON 399502] LOT | bateria=86%
[2026-01-31 12:05:25] [DRON 399500] LOT | bateria=86%
[2026-01-31 12:05:26] [OPERATOR] STATUS: aktywne=5 baza=0 max=5
[2026-01-31 12:05:26] [DRON 399499] LOT | bateria=85%
[2026-01-31 12:05:26] [DRON 399498] LOT | bateria=25%
[2026-01-31 12:05:26] [DRON 399501] LOT | bateria=85%
[2026-01-31 12:05:26] [DRON 399502] LOT | bateria=85%
[2026-01-31 12:05:26] [DRON 399500] LOT | bateria=85%
[2026-01-31 12:05:27] [DRON 399499] LOT | bateria=84%
[2026-01-31 12:05:27] [DRON 399498] LOT | bateria=20%
[2026-01-31 12:05:27] [DRON 399498] >>> ROZPOCZYNAM POWROT (czas=4s)
[2026-01-31 12:05:27] [DRON 399501] LOT | bateria=84%
[2026-01-31 12:05:27] [DRON 399500] LOT | bateria=84%
[2026-01-31 12:05:27] [DRON 399502] LOT | bateria=84%
[2026-01-31 12:05:27] [DOWODCA] Sygnal ROZBUDOWA (manual)
[2026-01-31 12:05:27] [OPERATOR] !!! DODANO PLATFORMY (max=10)
[2026-01-31 12:05:28] [DRON 399499] LOT | bateria=83%
[2026-01-31 12:05:28] [DRON 399498] POWROT | bateria=15% | pozostalo=3s
[2026-01-31 12:05:28] [DRON 399501] LOT | bateria=83%
[2026-01-31 12:05:28] [DRON 399500] LOT | bateria=83%
[2026-01-31 12:05:28] [DRON 399502] LOT | bateria=83%
[2026-01-31 12:05:29] [DRON 399499] LOT | bateria=82%
[2026-01-31 12:05:29] [DRON 399498] POWROT | bateria=10% | pozostalo=2s
[2026-01-31 12:05:29] [DRON 399501] LOT | bateria=82%
[2026-01-31 12:05:29] [DRON 399500] LOT | bateria=82%
[2026-01-31 12:05:29] [DRON 399502] LOT | bateria=82%
[2026-01-31 12:05:29] [OPERATOR] >>> UZUPELNIANIE: 5 -> 6
[2026-01-31 12:05:29] [OPERATOR] +++ NOWY DRON PID=399746
[2026-01-31 12:05:29] [OPERATOR] STATUS: aktywne=6 baza=0 max=10
[2026-01-31 12:05:29] [DRON 399746] START | T1=26s T2=65s T_return=13s drain=1%/s
[2026-01-31 12:05:30] [DRON 399499] LOT | bateria=81%
[2026-01-31 12:05:30] [DRON 399498] POWROT | bateria=5% | pozostalo=1s
[2026-01-31 12:05:30] [DRON 399501] LOT | bateria=81%
[2026-01-31 12:05:30] [DRON 399500] LOT | bateria=81%
[2026-01-31 12:05:30] [DRON 399502] LOT | bateria=81%
[2026-01-31 12:05:30] [DRON 399746] LOT | bateria=99%
[2026-01-31 12:05:31] [DRON 399499] LOT | bateria=80%
[2026-01-31 12:05:31] [DRON 399498] POWROT | bateria=0% | pozostalo=0s
[2026-01-31 12:05:31] [DRON 399498] !!! ZNISZCZONY W TRAKCIE POWROTU
[2026-01-31 12:05:31] [OPERATOR] DRON PID=399498 USUNIETY Z LISTY
[2026-01-31 12:05:31] [DRON 399501] LOT | bateria=80%
[2026-01-31 12:05:31] [DRON 399500] LOT | bateria=80%
[2026-01-31 12:05:31] [DRON 399502] LOT | bateria=80%
[2026-01-31 12:05:31] [DRON 399746] LOT | bateria=98%
[2026-01-31 12:05:32] [DOWODCA] Sygnal ATAK (manual)
[2026-01-31 12:05:32] [OPERATOR] Przekazanie SIGTERM i redukcja max_drony
[2026-01-31 12:05:32] [OPERATOR] >>> UZUPELNIANIE: 5 -> 6
[2026-01-31 12:05:32] [DRON 399499] LOT | bateria=79%
[2026-01-31 12:05:32] [DRON 399499] !!! ATAK SAMOBOJCZY
[2026-01-31 12:05:32] [OPERATOR] +++ NOWY DRON PID=399806
[2026-01-31 12:05:32] [OPERATOR] DRON PID=399499 USUNIETY Z LISTY
[2026-01-31 12:05:32] [OPERATOR] STATUS: aktywne=5 baza=0 max=10
[2026-01-31 12:05:32] [DRON 399806] START | T1=20s T2=50s T_return=10s drain=2%/s
[2026-01-31 12:05:32] [DRON 399501] LOT | bateria=79%
[2026-01-31 12:05:32] [DRON 399502] LOT | bateria=79%
[2026-01-31 12:05:32] [DRON 399500] LOT | bateria=79%
[2026-01-31 12:05:32] [DOWODCA] Sygnal ATAK (manual)
[2026-01-31 12:05:32] [OPERATOR] Przekazanie SIGTERM i redukcja max_drony
[2026-01-31 12:05:32] [DRON 399500] LOT | bateria=78%
[2026-01-31 12:05:32] [DRON 399500] !!! ATAK SAMOBOJCZY
[2026-01-31 12:05:32] [OPERATOR] DRON PID=399500 USUNIETY Z LISTY
[2026-01-31 12:05:32] [DRON 399746] LOT | bateria=97%
[2026-01-31 12:05:33] [DRON 399806] LOT | bateria=98%
[2026-01-31 12:05:33] [DRON 399501] LOT | bateria=78%
[2026-01-31 12:05:33] [DRON 399502] LOT | bateria=78%
[2026-01-31 12:05:33] [DRON 399746] LOT | bateria=96%
[2026-01-31 12:05:34] [DRON 399806] LOT | bateria=96%
[2026-01-31 12:05:34] [DRON 399501] LOT | bateria=77%
[2026-01-31 12:05:34] [DRON 399502] LOT | bateria=77%
[2026-01-31 12:05:34] [DRON 399746] LOT | bateria=95%
[2026-01-31 12:05:35] [DRON 399806] LOT | bateria=94%
[2026-01-31 12:05:35] [DRON 399501] LOT | bateria=76%
[2026-01-31 12:05:35] [DRON 399502] LOT | bateria=76%
[2026-01-31 12:05:35] [OPERATOR] >>> UZUPELNIANIE: 4 -> 5
[2026-01-31 12:05:35] [OPERATOR] +++ NOWY DRON PID=399878
[2026-01-31 12:05:35] [OPERATOR] STATUS: aktywne=5 baza=0 max=10
[2026-01-31 12:05:35] [DRON 399878] START | T1=34s T2=85s T_return=17s drain=1%/s
[2026-01-31 12:05:35] [DRON 399746] LOT | bateria=94%
[2026-01-31 12:05:36] [DOWODCA] Sygnal REDUKCJA (manual)
[2026-01-31 12:05:36] [OPERATOR] !!! USUWANIE PLATFORM (-5 DRONOW)
[2026-01-31 12:05:36] [OPERATOR] --- DRON PID=399746 USUNIETY (SIGTERM)
[2026-01-31 12:05:36] [OPERATOR] --- DRON PID=399806 USUNIETY (SIGTERM)
[2026-01-31 12:05:36] [DRON 399746] LOT | bateria=93%
[2026-01-31 12:05:36] [OPERATOR] --- DRON PID=399502 USUNIETY (SIGTERM)
[2026-01-31 12:05:36] [DRON 399746] !!! ATAK SAMOBOJCZY
[2026-01-31 12:05:36] [DRON 399502] LOT | bateria=75%
[2026-01-31 12:05:36] [DRON 399502] !!! ATAK SAMOBOJCZY
[2026-01-31 12:05:36] [OPERATOR] --- DRON PID=399501 USUNIETY (SIGTERM)
[2026-01-31 12:05:36] [DRON 399806] LOT | bateria=92%
[2026-01-31 12:05:36] [OPERATOR] --- DRON PID=399878 USUNIETY (SIGTERM)
[2026-01-31 12:05:36] [DRON 399806] !!! ATAK SAMOBOJCZY
[2026-01-31 12:05:36] [DRON 399501] LOT | bateria=75%
[2026-01-31 12:05:36] [DRON 399501] !!! ATAK SAMOBOJCZY
[2026-01-31 12:05:36] [DRON 399878] LOT | bateria=99%
[2026-01-31 12:05:36] [DRON 399878] !!! ATAK SAMOBOJCZY
[2026-01-31 12:05:36] [OPERATOR] DRON PID=399502 USUNIETY Z LISTY
[2026-01-31 12:05:36] [OPERATOR] DRON PID=399746 USUNIETY Z LISTY
[2026-01-31 12:05:36] [OPERATOR] DRON PID=399501 USUNIETY Z LISTY
[2026-01-31 12:05:36] [OPERATOR] DRON PID=399806 USUNIETY Z LISTY
[2026-01-31 12:05:36] [OPERATOR] DRON PID=399878 USUNIETY Z LISTY
[2026-01-31 12:05:36] [DOWODCA] Sygnal REDUKCJA (manual)
[2026-01-31 12:05:36] [OPERATOR] !!! USUWANIE PLATFORM (-2 DRONOW)
[2026-01-31 12:05:36] [DOWODCA] Sygnal REDUKCJA (manual)
[2026-01-31 12:05:36] [OPERATOR] !!! USUWANIE PLATFORM (-1 DRONOW)
[2026-01-31 12:05:36] [DOWODCA] Sygnal REDUKCJA (manual)
[2026-01-31 12:05:36] [OPERATOR] !!! USUWANIE PLATFORM (-1 DRONOW)
[2026-01-31 12:05:37] [DOWODCA] Sygnal REDUKCJA (manual)
[2026-01-31 12:05:37] [OPERATOR] !!! USUWANIE PLATFORM (-1 DRONOW)
[2026-01-31 12:05:37] [OPERATOR] Koniec symulacji - max_drony = 0
[2026-01-31 12:05:37] [OPERATOR] ZAKONCZENIE PROGRAMU (sygnal 0)
[2026-01-31 12:05:37] [OPERATOR] USUNIETO SEMAFOR I PAMIEC DZIELONA
[2026-01-31 12:05:37] [OPERATOR] USUNIETO KOLEJKE KOMUNIKATOW
